2025-04-10 11:04:37,020 - INFO - Loaded Tax Invoice template: C:\Users\Aniket\AppData\Local\Temp\_MEI211002\templates\Tax-Note.docx
2025-04-10 11:04:37,021 - INFO - Loaded Credit Note template: C:\Users\Aniket\AppData\Local\Temp\_MEI211002\templates\Tax-Note.docx
2025-04-10 11:04:37,022 - INFO - Loaded Debit Note template: C:\Users\Aniket\AppData\Local\Temp\_MEI211002\templates\Tax-Note.docx
2025-04-10 11:04:37,023 - INFO - Loaded Eligible template: C:\Users\Aniket\AppData\Local\Temp\_MEI211002\templates\Eligible_template.docx
2025-04-10 11:04:37,024 - INFO - Loaded Ineligible template: C:\Users\Aniket\AppData\Local\Temp\_MEI211002\templates\Ineligible_template.docx
2025-04-10 11:04:46,602 - INFO - Data file loaded: C:/Users/Aniket/Downloads/Document-Type.xlsx
2025-04-10 11:04:53,961 - INFO - Output folder selected: C:/Users/Aniket/Downloads/Excel-Test/190
2025-04-10 11:04:54,816 - WARNING - Missing replacements for placeholders: ['REVERSE_CHARGE_APPLICABILITY', 'TAX_AMOUNT']
2025-04-10 11:04:54,816 - INFO - Placeholder replacement success: 95.8%
2025-04-10 11:04:54,825 - INFO - Temporary DOCX created: C:/Users/Aniket/Downloads/Excel-Test/190\temp_docx\Tax_Invoice_ROW_0_20250410_110454.docx
2025-04-10 11:05:02,388 - INFO - PDF generated: C:/Users/Aniket/Downloads/Excel-Test/190\Tax_Invoice_ROW_0_20250410_110454.pdf
2025-04-10 11:05:02,388 - INFO - Deleted temporary DOCX: C:/Users/Aniket/Downloads/Excel-Test/190\temp_docx\Tax_Invoice_ROW_0_20250410_110454.docx
2025-04-10 11:05:02,430 - WARNING - Missing replacements for placeholders: ['REVERSE_CHARGE_APPLICABILITY', 'TAX_AMOUNT']
2025-04-10 11:05:02,437 - INFO - Placeholder replacement success: 95.8%
2025-04-10 11:05:02,444 - INFO - Temporary DOCX created: C:/Users/Aniket/Downloads/Excel-Test/190\temp_docx\Credit_Note_ROW_1_20250410_110502.docx
2025-04-10 11:05:08,059 - INFO - PDF generated: C:/Users/Aniket/Downloads/Excel-Test/190\Credit_Note_ROW_1_20250410_110502.pdf
2025-04-10 11:05:08,061 - INFO - Deleted temporary DOCX: C:/Users/Aniket/Downloads/Excel-Test/190\temp_docx\Credit_Note_ROW_1_20250410_110502.docx
2025-04-10 11:05:08,111 - WARNING - Missing replacements for placeholders: ['REVERSE_CHARGE_APPLICABILITY', 'TAX_AMOUNT']
2025-04-10 11:05:08,111 - INFO - Placeholder replacement success: 95.8%
2025-04-10 11:05:08,119 - INFO - Temporary DOCX created: C:/Users/Aniket/Downloads/Excel-Test/190\temp_docx\Debit_Note_ROW_2_20250410_110508.docx
2025-04-10 11:05:13,633 - INFO - PDF generated: C:/Users/Aniket/Downloads/Excel-Test/190\Debit_Note_ROW_2_20250410_110508.pdf
2025-04-10 11:05:13,634 - INFO - Deleted temporary DOCX: C:/Users/Aniket/Downloads/Excel-Test/190\temp_docx\Debit_Note_ROW_2_20250410_110508.docx
2025-04-10 11:05:13,696 - WARNING - Missing replacements for placeholders: ['REVERSE_CHARGE_APPLICABILITY', 'TAX_AMOUNT']
2025-04-10 11:05:13,696 - INFO - Placeholder replacement success: 95.8%
2025-04-10 11:05:13,705 - INFO - Temporary DOCX created: C:/Users/Aniket/Downloads/Excel-Test/190\temp_docx\Tax_Invoice_ROW_3_20250410_110513.docx
2025-04-10 11:05:19,143 - INFO - PDF generated: C:/Users/Aniket/Downloads/Excel-Test/190\Tax_Invoice_ROW_3_20250410_110513.pdf
2025-04-10 11:05:19,144 - INFO - Deleted temporary DOCX: C:/Users/Aniket/Downloads/Excel-Test/190\temp_docx\Tax_Invoice_ROW_3_20250410_110513.docx
2025-04-10 11:05:19,200 - WARNING - Missing replacements for placeholders: ['REVERSE_CHARGE_APPLICABILITY', 'TAX_AMOUNT']
2025-04-10 11:05:19,200 - INFO - Placeholder replacement success: 95.8%
2025-04-10 11:05:19,208 - INFO - Temporary DOCX created: C:/Users/Aniket/Downloads/Excel-Test/190\temp_docx\Tax_Invoice_ROW_4_20250410_110519.docx
2025-04-10 11:05:24,419 - INFO - PDF generated: C:/Users/Aniket/Downloads/Excel-Test/190\Tax_Invoice_ROW_4_20250410_110519.pdf
2025-04-10 11:05:24,420 - INFO - Deleted temporary DOCX: C:/Users/Aniket/Downloads/Excel-Test/190\temp_docx\Tax_Invoice_ROW_4_20250410_110519.docx
2025-04-10 11:05:24,491 - WARNING - Missing replacements for placeholders: ['REVERSE_CHARGE_APPLICABILITY', 'TAX_AMOUNT']
2025-04-10 11:05:24,491 - INFO - Placeholder replacement success: 95.8%
2025-04-10 11:05:24,499 - INFO - Temporary DOCX created: C:/Users/Aniket/Downloads/Excel-Test/190\temp_docx\Tax_Invoice_ROW_5_20250410_110524.docx
2025-04-10 11:05:30,177 - INFO - PDF generated: C:/Users/Aniket/Downloads/Excel-Test/190\Tax_Invoice_ROW_5_20250410_110524.pdf
2025-04-10 11:05:30,177 - INFO - Deleted temporary DOCX: C:/Users/Aniket/Downloads/Excel-Test/190\temp_docx\Tax_Invoice_ROW_5_20250410_110524.docx
2025-04-10 11:05:47,056 - INFO - Data file loaded: C:/Users/Aniket/Downloads/Test - Copy.xlsx
2025-04-10 11:05:51,571 - INFO - Output folder selected: C:/Users/Aniket/Downloads/Excel-Test/190
2025-04-10 11:05:52,259 - INFO - Placeholder replacement success: 100.0%
2025-04-10 11:05:52,269 - INFO - Temporary DOCX created: C:/Users/Aniket/Downloads/Excel-Test/190\temp_docx\Eligible_200722SI310300_20250410_110552.docx
2025-04-10 11:05:57,372 - INFO - PDF generated: C:/Users/Aniket/Downloads/Excel-Test/190\Eligible_200722SI310300_20250410_110552.pdf
2025-04-10 11:05:57,373 - INFO - Deleted temporary DOCX: C:/Users/Aniket/Downloads/Excel-Test/190\temp_docx\Eligible_200722SI310300_20250410_110552.docx
2025-04-10 11:05:57,412 - INFO - Placeholder replacement success: 100.0%
2025-04-10 11:05:57,422 - INFO - Temporary DOCX created: C:/Users/Aniket/Downloads/Excel-Test/190\temp_docx\Ineligible_200722SI310301_20250410_110557.docx
2025-04-10 11:06:02,571 - INFO - PDF generated: C:/Users/Aniket/Downloads/Excel-Test/190\Ineligible_200722SI310301_20250410_110557.pdf
2025-04-10 11:06:02,573 - INFO - Deleted temporary DOCX: C:/Users/Aniket/Downloads/Excel-Test/190\temp_docx\Ineligible_200722SI310301_20250410_110557.docx
2025-04-10 11:06:02,611 - INFO - Placeholder replacement success: 100.0%
2025-04-10 11:06:02,624 - INFO - Temporary DOCX created: C:/Users/Aniket/Downloads/Excel-Test/190\temp_docx\Eligible_200722SI310302_20250410_110602.docx
2025-04-10 11:06:07,661 - INFO - PDF generated: C:/Users/Aniket/Downloads/Excel-Test/190\Eligible_200722SI310302_20250410_110602.pdf
2025-04-10 11:06:07,672 - INFO - Deleted temporary DOCX: C:/Users/Aniket/Downloads/Excel-Test/190\temp_docx\Eligible_200722SI310302_20250410_110602.docx
2025-04-10 11:06:07,708 - INFO - Placeholder replacement success: 100.0%
2025-04-10 11:06:07,717 - INFO - Temporary DOCX created: C:/Users/Aniket/Downloads/Excel-Test/190\temp_docx\Ineligible_200722SI310303_20250410_110607.docx
2025-04-10 11:06:12,952 - INFO - PDF generated: C:/Users/Aniket/Downloads/Excel-Test/190\Ineligible_200722SI310303_20250410_110607.pdf
2025-04-10 11:06:12,953 - INFO - Deleted temporary DOCX: C:/Users/Aniket/Downloads/Excel-Test/190\temp_docx\Ineligible_200722SI310303_20250410_110607.docx
2025-04-10 11:06:12,988 - INFO - Placeholder replacement success: 100.0%
2025-04-10 11:06:13,000 - INFO - Temporary DOCX created: C:/Users/Aniket/Downloads/Excel-Test/190\temp_docx\Eligible_200722SI310304_20250410_110612.docx
2025-04-10 11:06:15,809 - INFO - PDF generated: C:/Users/Aniket/Downloads/Excel-Test/190\Eligible_200722SI310304_20250410_110612.pdf
2025-04-10 11:06:15,811 - INFO - Deleted temporary DOCX: C:/Users/Aniket/Downloads/Excel-Test/190\temp_docx\Eligible_200722SI310304_20250410_110612.docx
2025-04-10 11:06:15,898 - INFO - Placeholder replacement success: 100.0%
2025-04-10 11:06:15,913 - INFO - Temporary DOCX created: C:/Users/Aniket/Downloads/Excel-Test/190\temp_docx\Ineligible_200722SI310305_20250410_110615.docx
2025-04-10 11:06:21,071 - INFO - PDF generated: C:/Users/Aniket/Downloads/Excel-Test/190\Ineligible_200722SI310305_20250410_110615.pdf
2025-04-10 11:06:21,072 - INFO - Deleted temporary DOCX: C:/Users/Aniket/Downloads/Excel-Test/190\temp_docx\Ineligible_200722SI310305_20250410_110615.docx
2025-04-10 11:06:21,169 - INFO - Placeholder replacement success: 100.0%
2025-04-10 11:06:21,187 - INFO - Temporary DOCX created: C:/Users/Aniket/Downloads/Excel-Test/190\temp_docx\Eligible_200722SI310306_20250410_110621.docx
2025-04-10 11:06:26,522 - INFO - PDF generated: C:/Users/Aniket/Downloads/Excel-Test/190\Eligible_200722SI310306_20250410_110621.pdf
2025-04-10 11:06:26,523 - INFO - Deleted temporary DOCX: C:/Users/Aniket/Downloads/Excel-Test/190\temp_docx\Eligible_200722SI310306_20250410_110621.docx
